imu_calibration/build/intermediates/manifest_merge_blame_file/debug/manifest-merger-blame-debug-report.txt
1<?xml version="1.0" encoding="utf-8"?>
2<manifest xmlns:android="http://schemas.android.com/apk/res/android"
3    xmlns:dist="http://schemas.android.com/apk/distribution"
4    package="org.sralab.emgimu.imu_calibration" >
5
6    <uses-sdk
7        android:minSdkVersion="26"
7-->src\main\AndroidManifest.xml
8        android:targetSdkVersion="28" />
8-->src\main\AndroidManifest.xml
9
10    <dist:module
10-->src\main\AndroidManifest.xml:6:5-11:19
11        dist:instant="false"
11-->src\main\AndroidManifest.xml:7:9-29
12        dist:onDemand="true"
12-->src\main\AndroidManifest.xml:8:9-29
13        dist:title="@string/title_imu_calibration" >
13-->src\main\AndroidManifest.xml:9:9-51
14        <dist:fusing dist:include="true" />
14-->src\main\AndroidManifest.xml:10:9-44
14-->src\main\AndroidManifest.xml:10:22-41
15    </dist:module>
16
17    <uses-feature
17-->src\main\AndroidManifest.xml:24:5-85
18        android:name="android.hardware.camera"
18-->src\main\AndroidManifest.xml:24:19-57
19        android:required="false" />
19-->src\main\AndroidManifest.xml:24:58-82
20
21    <application>
21-->src\main\AndroidManifest.xml:13:5-22:19
22        <activity
22-->src\main\AndroidManifest.xml:14:9-21:20
23            android:name="org.sralab.emgimu.imu_calibration.ImuCalibration"
23-->src\main\AndroidManifest.xml:15:13-43
24            android:label="@string/title_activity_imu_calibration" >
24-->src\main\AndroidManifest.xml:16:13-67
25            <intent-filter>
25-->src\main\AndroidManifest.xml:17:13-20:29
26                <action android:name="android.intent.action.MAIN" />
26-->src\main\AndroidManifest.xml:18:17-69
26-->src\main\AndroidManifest.xml:18:25-66
27
28                <category android:name="org.sralab.emgimu.LAUNCHER" />
28-->src\main\AndroidManifest.xml:19:17-71
28-->src\main\AndroidManifest.xml:19:27-68
29            </intent-filter>
30        </activity>
31    </application>
32
33</manifest>